<?xml version="1.0" encoding="UTF-8"?>
<testsuite xmlns:xsi="http://www.w3.org/2001/XMLSchema-instance" xsi:noNamespaceSchemaLocation="https://maven.apache.org/surefire/maven-surefire-plugin/xsd/surefire-test-report.xsd" version="3.0.2" name="com.carrefour.automation.web.runner.RunWebTest" time="12.444" tests="1" errors="0" skipped="0" failures="0">
  <properties>
[...]
</properties>
  <testcase name="Realizar login com sucesso na web" classname="Login Web Saucedemo" time="12.037">
    <system-out><![CDATA[
@web @login
Scenario: Realizar login com sucesso na web                                       &amp#27;[90m# features/login_web.feature:7&amp#27;[0m
  &amp#27;[32mGiven &amp#27;[0m&amp#27;[32mque eu acesso a pagina de login web &amp#27;[0m&amp#27;[32m&amp#27;[1m"https://www.saucedemo.com/"&amp#27;[0m          &amp#27;[90m# com.carrefour.automation.web.steps.LoginWebSteps.queEuAcessoAPaginaDeLoginWeb(java.lang.String)&amp#27;[0m
  &amp#27;[32mWhen &amp#27;[0m&amp#27;[32meu preencho o usuario &amp#27;[0m&amp#27;[32m&amp#27;[1m"standard_user"&amp#27;[0m&amp#27;[32m e a senha &amp#27;[0m&amp#27;[32m&amp#27;[1m"secret_sauce"&amp#27;[0m             &amp#27;[90m# com.carrefour.automation.web.steps.LoginWebSteps.euPreenchoOUsuarioEASenha(java.lang.String,java.lang.String)&amp#27;[0m
  &amp#27;[32mAnd &amp#27;[0m&amp#27;[32mclico no botao de login&amp#27;[0m                                                     &amp#27;[90m# com.carrefour.automation.web.steps.LoginWebSteps.clicoNoBotaoDeLogin()&amp#27;[0m
  &amp#27;[32mThen &amp#27;[0m&amp#27;[32mdevo ser redirecionado para a pagina de inventario com o titulo &amp#27;[0m&amp#27;[32m&amp#27;[1m"Products"&amp#27;[0m &amp#27;[90m# com.carrefour.automation.web.steps.LoginWebSteps.devoSerRedirecionadoParaAPaginaDeInventarioComOTitulo(java.lang.String)&amp#27;[0m
]]></system-out>
    <system-err><![CDATA[SLF4J(W): No SLF4J providers were found.
SLF4J(W): Defaulting to no-operation (NOP) logger implementation
SLF4J(W): See https://www.slf4j.org/codes.html#noProviders for further details.
abr. 15, 2026 9:26:06 PM org.openqa.selenium.devtools.CdpVersionFinder findNearestMatch
WARNING: Unable to find CDP implementation matching 147
abr. 15, 2026 9:26:06 PM org.openqa.selenium.chromium.ChromiumDriver lambda$new$4
WARNING: Unable to find version of CDP to use for 147.0.7727.101. You may need to include a dependency on a specific version of the CDP using something similar to `org.seleniumhq.selenium:selenium-devtools-v86:4.29.0` where the version ("v86") matches the version of the chromium-based browser you're using and the version number of the artifact is the same as Selenium's.
]]></system-err>
  </testcase>
</testsuite>